<?xml version="1.0" encoding="UTF-8"?>
<!-- Generated by org.testng.reporters.JUnitReportReporter -->
<testsuite skipped="0" hostname="DESKTOP-C12RE2V" name="co.edureka.testscripts.UploadProfile" tests="1" failures="0" timestamp="04 Mar 2019 04:07:48 GMT" time="51.197" errors="0">
  <testcase name="TC01_Upload_Profile" time="51.197" classname="co.edureka.testscripts.UploadProfile"/>
</testsuite> <!-- co.edureka.testscripts.UploadProfile -->
